Arguments: 
  C:\Program Files\nodejs\node.exe C:\Users\thhra\AppData\Roaming\npm\node_modules\yarn\bin\yarn.js init

PATH: 
  C:\ProgramData\Oracle\Java\javapath;C:\Program Files (x86)\Common Files\Oracle\Java\javapath;C:\Windows\system32;C:\Windows;C:\Windows\System32\Wbem;C:\Windows\System32\WindowsPowerShell\v1.0\;C:\Windows\System32\OpenSSH\;C:\Program Files\Git\cmd;C:\Users\thhra\AppData\Roaming\nvm;C:\Program Files\nodejs;C:\Program Files\Cloud Foundry;C:\Program Files\nodejs\;C:\Users\thhra\AppData\Local\Microsoft\WindowsApps;C:\Users\thhra\AppData\Local\Programs\Microsoft VS Code\bin;C:\Users\thhra\AppData\Roaming\nvm;C:\Program Files\nodejs;C:\Users\thhra\AppData\Local\GitHubDesktop\bin;C:\Users\thhra\AppData\Roaming\npm;C:\Program Files\heroku\bin

Yarn version: 
  1.22.10

Node version: 
  14.17.6

Platform: 
  win32 x64

Trace: 
  Error: canceled
      at Interface.<anonymous> (C:\Users\thhra\AppData\Roaming\npm\node_modules\yarn\lib\cli.js:136216:13)
      at Interface.emit (events.js:400:28)
      at Interface._ttyWrite (readline.js:910:16)
      at ReadStream.onkeypress (readline.js:235:10)
      at ReadStream.emit (events.js:400:28)
      at emitKeys (internal/readline/utils.js:358:14)
      at emitKeys.next (<anonymous>)
      at ReadStream.onData (readline.js:1179:36)
      at ReadStream.emit (events.js:400:28)
      at addChunk (internal/streams/readable.js:290:12)

npm manifest: 
  {
    "name": "node_heat",
    "version": "1.0.0",
    "main": "index.js",
    "license": "MIT",
    "dependencies": {
      "@prisma/client": "^3.2.1",
      "axios": "^0.23.0",
      "dotenv": "^10.0.0",
      "express": "^4.17.1",
      "jsonwebtoken": "^8.5.1"
    },
    "scripts": {
      "dev": "ts-node-dev src/app.ts"
    },
    "devDependencies": {
      "@types/axios": "^0.14.0",
      "@types/express": "^4.17.13",
      "@types/jsonwebtoken": "^8.5.5",
      "prisma": "^3.2.1",
      "ts-node-dev": "^1.1.8",
      "typescript": "^4.4.4"
    }
  }

yarn manifest: 
  No manifest

Lockfile: 
  No lockfile
